<?xml version="1.0" encoding="UTF-8"?>
<coverage generated="1777339461633" clover="3.2.0">
  <project timestamp="1777339461633" name="All files">
    <metrics statements="17" coveredstatements="17" conditionals="26" coveredconditionals="22" methods="4" coveredmethods="4" elements="47" coveredelements="43" complexity="0" loc="17" ncloc="17" packages="1" files="1" classes="1"/>
    <file name="colorUtils.js" path="/Users/sriyamahamkali/Desktop/ColorsLab/Public/colorUtils.js">
      <metrics statements="17" coveredstatements="17" conditionals="26" coveredconditionals="22" methods="4" coveredmethods="4"/>
      <line num="2" count="5" type="cond" truecount="4" falsecount="0"/>
      <line num="3" count="2" type="stmt"/>
      <line num="5" count="3" type="stmt"/>
      <line num="6" count="3" type="cond" truecount="1" falsecount="1"/>
      <line num="7" count="3" type="cond" truecount="2" falsecount="0"/>
      <line num="8" count="2" type="stmt"/>
      <line num="9" count="2" type="cond" truecount="2" falsecount="0"/>
      <line num="10" count="1" type="stmt"/>
      <line num="13" count="2" type="cond" truecount="4" falsecount="0"/>
      <line num="14" count="1" type="cond" truecount="1" falsecount="1"/>
      <line num="15" count="1" type="cond" truecount="1" falsecount="1"/>
      <line num="16" count="1" type="stmt"/>
      <line num="19" count="3" type="cond" truecount="4" falsecount="0"/>
      <line num="20" count="2" type="stmt"/>
      <line num="23" count="5" type="stmt"/>
      <line num="25" count="2" type="cond" truecount="3" falsecount="1"/>
      <line num="26" count="2" type="stmt"/>
    </file>
  </project>
</coverage>
