{"/Users/sriyamahamkali/Desktop/ColorsLab/Public/colorUtils.js": {"path":"/Users/sriyamahamkali/Desktop/ColorsLab/Public/colorUtils.js","statementMap":{"0":{"start":{"line":2,"column":2},"end":{"line":4,"column":3}},"1":{"start":{"line":3,"column":4},"end":{"line":3,"column":62}},"2":{"start":{"line":5,"column":18},"end":{"line":5,"column":34}},"3":{"start":{"line":6,"column":2},"end":{"line":6,"column":90}},"4":{"start":{"line":6,"column":28},"end":{"line":6,"column":90}},"5":{"start":{"line":7,"column":2},"end":{"line":7,"column":104}},"6":{"start":{"line":7,"column":27},"end":{"line":7,"column":104}},"7":{"start":{"line":8,"column":22},"end":{"line":8,"column":41}},"8":{"start":{"line":9,"column":2},"end":{"line":9,"column":108}},"9":{"start":{"line":9,"column":34},"end":{"line":9,"column":108}},"10":{"start":{"line":10,"column":2},"end":{"line":10,"column":38}},"11":{"start":{"line":13,"column":2},"end":{"line":13,"column":63}},"12":{"start":{"line":13,"column":53},"end":{"line":13,"column":63}},"13":{"start":{"line":14,"column":13},"end":{"line":14,"column":33}},"14":{"start":{"line":15,"column":15},"end":{"line":15,"column":43}},"15":{"start":{"line":16,"column":2},"end":{"line":16,"column":28}},"16":{"start":{"line":19,"column":2},"end":{"line":19,"column":52}},"17":{"start":{"line":19,"column":39},"end":{"line":19,"column":52}},"18":{"start":{"line":20,"column":2},"end":{"line":20,"column":64}},"19":{"start":{"line":23,"column":2},"end":{"line":23,"column":80}},"20":{"start":{"line":25,"column":0},"end":{"line":27,"column":1}},"21":{"start":{"line":26,"column":2},"end":{"line":26,"column":98}}},"fnMap":{"0":{"name":"validateColorName","decl":{"start":{"line":1,"column":9},"end":{"line":1,"column":26}},"loc":{"start":{"line":1,"column":38},"end":{"line":11,"column":1}},"line":1},"1":{"name":"formatColorEntry","decl":{"start":{"line":12,"column":9},"end":{"line":12,"column":25}},"loc":{"start":{"line":12,"column":38},"end":{"line":17,"column":1}},"line":12},"2":{"name":"isValidHexColor","decl":{"start":{"line":18,"column":9},"end":{"line":18,"column":24}},"loc":{"start":{"line":18,"column":30},"end":{"line":21,"column":1}},"line":18},"3":{"name":"buildAddColorPayload","decl":{"start":{"line":22,"column":9},"end":{"line":22,"column":29}},"loc":{"start":{"line":22,"column":49},"end":{"line":24,"column":1}},"line":22}},"branchMap":{"0":{"loc":{"start":{"line":2,"column":2},"end":{"line":4,"column":3}},"type":"if","locations":[{"start":{"line":2,"column":2},"end":{"line":4,"column":3}},{"start":{},"end":{}}],"line":2},"1":{"loc":{"start":{"line":2,"column":6},"end":{"line":2,"column":49}},"type":"binary-expr","locations":[{"start":{"line":2,"column":6},"end":{"line":2,"column":16}},{"start":{"line":2,"column":20},"end":{"line":2,"column":49}}],"line":2},"2":{"loc":{"start":{"line":6,"column":2},"end":{"line":6,"column":90}},"type":"if","locations":[{"start":{"line":6,"column":2},"end":{"line":6,"column":90}},{"start":{},"end":{}}],"line":6},"3":{"loc":{"start":{"line":7,"column":2},"end":{"line":7,"column":104}},"type":"if","locations":[{"start":{"line":7,"column":2},"end":{"line":7,"column":104}},{"start":{},"end":{}}],"line":7},"4":{"loc":{"start":{"line":9,"column":2},"end":{"line":9,"column":108}},"type":"if","locations":[{"start":{"line":9,"column":2},"end":{"line":9,"column":108}},{"start":{},"end":{}}],"line":9},"5":{"loc":{"start":{"line":13,"column":2},"end":{"line":13,"column":63}},"type":"if","locations":[{"start":{"line":13,"column":2},"end":{"line":13,"column":63}},{"start":{},"end":{}}],"line":13},"6":{"loc":{"start":{"line":13,"column":6},"end":{"line":13,"column":51}},"type":"binary-expr","locations":[{"start":{"line":13,"column":6},"end":{"line":13,"column":17}},{"start":{"line":13,"column":21},"end":{"line":13,"column":51}}],"line":13},"7":{"loc":{"start":{"line":14,"column":13},"end":{"line":14,"column":33}},"type":"binary-expr","locations":[{"start":{"line":14,"column":13},"end":{"line":14,"column":26}},{"start":{"line":14,"column":30},"end":{"line":14,"column":33}}],"line":14},"8":{"loc":{"start":{"line":15,"column":15},"end":{"line":15,"column":43}},"type":"binary-expr","locations":[{"start":{"line":15,"column":15},"end":{"line":15,"column":30}},{"start":{"line":15,"column":34},"end":{"line":15,"column":43}}],"line":15},"9":{"loc":{"start":{"line":19,"column":2},"end":{"line":19,"column":52}},"type":"if","locations":[{"start":{"line":19,"column":2},"end":{"line":19,"column":52}},{"start":{},"end":{}}],"line":19},"10":{"loc":{"start":{"line":19,"column":6},"end":{"line":19,"column":37}},"type":"binary-expr","locations":[{"start":{"line":19,"column":6},"end":{"line":19,"column":10}},{"start":{"line":19,"column":14},"end":{"line":19,"column":37}}],"line":19},"11":{"loc":{"start":{"line":25,"column":0},"end":{"line":27,"column":1}},"type":"if","locations":[{"start":{"line":25,"column":0},"end":{"line":27,"column":1}},{"start":{},"end":{}}],"line":25},"12":{"loc":{"start":{"line":25,"column":4},"end":{"line":25,"column":51}},"type":"binary-expr","locations":[{"start":{"line":25,"column":4},"end":{"line":25,"column":33}},{"start":{"line":25,"column":37},"end":{"line":25,"column":51}}],"line":25}},"s":{"0":5,"1":2,"2":3,"3":3,"4":0,"5":3,"6":1,"7":2,"8":2,"9":1,"10":1,"11":2,"12":1,"13":1,"14":1,"15":1,"16":3,"17":1,"18":2,"19":5,"20":2,"21":2},"f":{"0":5,"1":2,"2":3,"3":5},"b":{"0":[2,3],"1":[5,3],"2":[0,3],"3":[1,2],"4":[1,1],"5":[1,1],"6":[2,1],"7":[1,0],"8":[1,0],"9":[1,2],"10":[3,2],"11":[2,0],"12":[2,2]},"_coverageSchema":"1a1c01bbd47fc00a2c39e90264f33305004495a9","hash":"e79a47b789837be2680147372480340e84a9d512"}
}
