TN:
SF:Public/colorUtils.js
FN:1,validateColorName
FN:12,formatColorEntry
FN:18,isValidHexColor
FN:22,buildAddColorPayload
FNF:4
FNH:4
FNDA:5,validateColorName
FNDA:2,formatColorEntry
FNDA:3,isValidHexColor
FNDA:5,buildAddColorPayload
DA:2,5
DA:3,2
DA:5,3
DA:6,3
DA:7,3
DA:8,2
DA:9,2
DA:10,1
DA:13,2
DA:14,1
DA:15,1
DA:16,1
DA:19,3
DA:20,2
DA:23,5
DA:25,2
DA:26,2
LF:17
LH:17
BRDA:2,0,0,2
BRDA:2,0,1,3
BRDA:2,1,0,5
BRDA:2,1,1,3
BRDA:6,2,0,0
BRDA:6,2,1,3
BRDA:7,3,0,1
BRDA:7,3,1,2
BRDA:9,4,0,1
BRDA:9,4,1,1
BRDA:13,5,0,1
BRDA:13,5,1,1
BRDA:13,6,0,2
BRDA:13,6,1,1
BRDA:14,7,0,1
BRDA:14,7,1,0
BRDA:15,8,0,1
BRDA:15,8,1,0
BRDA:19,9,0,1
BRDA:19,9,1,2
BRDA:19,10,0,3
BRDA:19,10,1,2
BRDA:25,11,0,2
BRDA:25,11,1,0
BRDA:25,12,0,2
BRDA:25,12,1,2
BRF:26
BRH:22
end_of_record
